<?xml version="1.0" encoding="UTF-8"?>
<testng-results skipped="0" failed="0" total="1" passed="1">
  <reporter-output>
  </reporter-output>
  <suite name="Suite1" duration-ms="14" started-at="2015-08-08T12:06:12Z" finished-at="2015-08-08T12:06:12Z">
    <groups>
      <group name="B">
        <method signature="Groups.test.TestA1.Login2Test()" name="Login2Test" class="Groups.test.TestA1"/>
      </group>
    </groups>
    <test name="test1" duration-ms="14" started-at="2015-08-08T12:06:12Z" finished-at="2015-08-08T12:06:12Z">
      <class name="Groups.test.TestA1">
        <test-method status="PASS" signature="setup()" name="setup" is-config="true" duration-ms="6" started-at="2015-08-08T12:06:12Z" finished-at="2015-08-08T12:06:12Z">
        </test-method>
        <test-method status="PASS" signature="Login2Test()" name="Login2Test" duration-ms="1" started-at="2015-08-08T12:06:12Z" finished-at="2015-08-08T12:06:12Z">
        </test-method>
        <test-method status="PASS" signature="testB1()" name="testB1" is-config="true" duration-ms="1" started-at="2015-08-08T12:06:12Z" finished-at="2015-08-08T12:06:12Z">
        </test-method>
      </class>
    </test>
  </suite>
</testng-results>
